<?xml version="1.0" encoding="UTF-8"?>
<!-- Generated by org.testng.reporters.JUnitReportReporter -->
<testsuite hostname="Avirajs-MacBook-Air.local" failures="0" tests="2" name="testcasae.TC006_Dashboard" time="55.455" errors="0" timestamp="5 Jan 2022 08:21:15 GMT">
  <testcase classname="testcasae.TC006_Dashboard" name="porFolioPageTest" time="34.084"/>
  <testcase classname="testcasae.TC006_Dashboard" name="loginTest" time="21.371"/>
</testsuite> <!-- testcasae.TC006_Dashboard -->
