<?xml version="1.0" encoding="UTF-8"?>
<!-- Generated by org.testng.reporters.JUnitReportReporter -->
<testsuite hostname="Avirajs-MacBook-Air.local" failures="0" tests="3" name="Heirachy.HC_Company_Creation_01" time="0.011" errors="3" timestamp="27 Jun 2022 07:09:59 GMT">
  <testcase classname="Heirachy.HC_Company_Creation_01" name="checkNewAccount" time="0.000">
    <error message="org.apache.poi.openxml4j.exceptions.InvalidOperationException: You can&#039;t add a part with a part name derived from another part ! [M1.11]" type="org.apache.poi.POIXMLException">
      <![CDATA[org.apache.poi.POIXMLException: org.apache.poi.openxml4j.exceptions.InvalidOperationException: You can't add a part with a part name derived from another part ! [M1.11]
	at org.apache.poi.POIXMLDocumentPart.createRelationship(POIXMLDocumentPart.java:533)
	at org.apache.poi.xssf.usermodel.XSSFWorkbook.createSheet(XSSFWorkbook.java:876)
	at utils.ExcelLibraries.createExcel(ExcelLibraries.java:78)
	at base.TestBase.launchApplication(TestBase.java:134)
	at java.base/jdk.internal.reflect.NativeMethodAccessorImpl.invoke0(Native Method)
	at java.base/jdk.internal.reflect.NativeMethodAccessorImpl.invoke(NativeMethodAccessorImpl.java:78)
	at java.base/jdk.internal.reflect.DelegatingMethodAccessorImpl.invoke(DelegatingMethodAccessorImpl.java:43)
	at java.base/java.lang.reflect.Method.invoke(Method.java:567)
	at org.testng.internal.MethodInvocationHelper.invokeMethod(MethodInvocationHelper.java:86)
	at org.testng.internal.Invoker.invokeConfigurationMethod(Invoker.java:514)
	at org.testng.internal.Invoker.invokeConfigurations(Invoker.java:215)
	at org.testng.internal.Invoker.invokeConfigurations(Invoker.java:142)
	at org.testng.TestRunner.beforeRun(TestRunner.java:656)
	at org.testng.TestRunner.run(TestRunner.java:624)
	at org.testng.SuiteRunner.runTest(SuiteRunner.java:366)
	at org.testng.SuiteRunner.access$000(SuiteRunner.java:39)
	at org.testng.SuiteRunner$SuiteWorker.run(SuiteRunner.java:400)
	at org.testng.internal.thread.ThreadUtil$2.call(ThreadUtil.java:64)
	at java.base/java.util.concurrent.FutureTask.run(FutureTask.java:264)
	at java.base/java.util.concurrent.ThreadPoolExecutor.runWorker(ThreadPoolExecutor.java:1130)
	at java.base/java.util.concurrent.ThreadPoolExecutor$Worker.run(ThreadPoolExecutor.java:630)
	at java.base/java.lang.Thread.run(Thread.java:831)
Caused by: org.apache.poi.openxml4j.exceptions.InvalidOperationException: You can't add a part with a part name derived from another part ! [M1.11]
	at org.apache.poi.openxml4j.opc.PackagePartCollection.put(PackagePartCollection.java:63)
	at org.apache.poi.openxml4j.opc.OPCPackage.createPart(OPCPackage.java:896)
	at org.apache.poi.openxml4j.opc.OPCPackage.createPart(OPCPackage.java:833)
	at org.apache.poi.POIXMLDocumentPart.createRelationship(POIXMLDocumentPart.java:513)
	... 21 more
]]>
    </error>
  </testcase> <!-- checkNewAccount -->
  <testcase classname="Heirachy.HC_Company_Creation_01" name="loginTest" time="0.005">
    <error message="org.apache.poi.openxml4j.exceptions.InvalidOperationException: You can&#039;t add a part with a part name derived from another part ! [M1.11]" type="org.apache.poi.POIXMLException">
      <![CDATA[org.apache.poi.POIXMLException: org.apache.poi.openxml4j.exceptions.InvalidOperationException: You can't add a part with a part name derived from another part ! [M1.11]
	at org.apache.poi.POIXMLDocumentPart.createRelationship(POIXMLDocumentPart.java:533)
	at org.apache.poi.xssf.usermodel.XSSFWorkbook.createSheet(XSSFWorkbook.java:876)
	at utils.ExcelLibraries.createExcel(ExcelLibraries.java:78)
	at base.TestBase.launchApplication(TestBase.java:134)
	at java.base/jdk.internal.reflect.NativeMethodAccessorImpl.invoke0(Native Method)
	at java.base/jdk.internal.reflect.NativeMethodAccessorImpl.invoke(NativeMethodAccessorImpl.java:78)
	at java.base/jdk.internal.reflect.DelegatingMethodAccessorImpl.invoke(DelegatingMethodAccessorImpl.java:43)
	at java.base/java.lang.reflect.Method.invoke(Method.java:567)
	at org.testng.internal.MethodInvocationHelper.invokeMethod(MethodInvocationHelper.java:86)
	at org.testng.internal.Invoker.invokeConfigurationMethod(Invoker.java:514)
	at org.testng.internal.Invoker.invokeConfigurations(Invoker.java:215)
	at org.testng.internal.Invoker.invokeConfigurations(Invoker.java:142)
	at org.testng.TestRunner.beforeRun(TestRunner.java:656)
	at org.testng.TestRunner.run(TestRunner.java:624)
	at org.testng.SuiteRunner.runTest(SuiteRunner.java:366)
	at org.testng.SuiteRunner.access$000(SuiteRunner.java:39)
	at org.testng.SuiteRunner$SuiteWorker.run(SuiteRunner.java:400)
	at org.testng.internal.thread.ThreadUtil$2.call(ThreadUtil.java:64)
	at java.base/java.util.concurrent.FutureTask.run(FutureTask.java:264)
	at java.base/java.util.concurrent.ThreadPoolExecutor.runWorker(ThreadPoolExecutor.java:1130)
	at java.base/java.util.concurrent.ThreadPoolExecutor$Worker.run(ThreadPoolExecutor.java:630)
	at java.base/java.lang.Thread.run(Thread.java:831)
Caused by: org.apache.poi.openxml4j.exceptions.InvalidOperationException: You can't add a part with a part name derived from another part ! [M1.11]
	at org.apache.poi.openxml4j.opc.PackagePartCollection.put(PackagePartCollection.java:63)
	at org.apache.poi.openxml4j.opc.OPCPackage.createPart(OPCPackage.java:896)
	at org.apache.poi.openxml4j.opc.OPCPackage.createPart(OPCPackage.java:833)
	at org.apache.poi.POIXMLDocumentPart.createRelationship(POIXMLDocumentPart.java:513)
	... 21 more
]]>
    </error>
  </testcase> <!-- loginTest -->
  <testcase classname="Heirachy.HC_Company_Creation_01" name="createCompnay" time="0.006">
    <error message="org.apache.poi.openxml4j.exceptions.InvalidOperationException: You can&#039;t add a part with a part name derived from another part ! [M1.11]" type="org.apache.poi.POIXMLException">
      <![CDATA[org.apache.poi.POIXMLException: org.apache.poi.openxml4j.exceptions.InvalidOperationException: You can't add a part with a part name derived from another part ! [M1.11]
	at org.apache.poi.POIXMLDocumentPart.createRelationship(POIXMLDocumentPart.java:533)
	at org.apache.poi.xssf.usermodel.XSSFWorkbook.createSheet(XSSFWorkbook.java:876)
	at utils.ExcelLibraries.createExcel(ExcelLibraries.java:78)
	at base.TestBase.launchApplication(TestBase.java:134)
	at java.base/jdk.internal.reflect.NativeMethodAccessorImpl.invoke0(Native Method)
	at java.base/jdk.internal.reflect.NativeMethodAccessorImpl.invoke(NativeMethodAccessorImpl.java:78)
	at java.base/jdk.internal.reflect.DelegatingMethodAccessorImpl.invoke(DelegatingMethodAccessorImpl.java:43)
	at java.base/java.lang.reflect.Method.invoke(Method.java:567)
	at org.testng.internal.MethodInvocationHelper.invokeMethod(MethodInvocationHelper.java:86)
	at org.testng.internal.Invoker.invokeConfigurationMethod(Invoker.java:514)
	at org.testng.internal.Invoker.invokeConfigurations(Invoker.java:215)
	at org.testng.internal.Invoker.invokeConfigurations(Invoker.java:142)
	at org.testng.TestRunner.beforeRun(TestRunner.java:656)
	at org.testng.TestRunner.run(TestRunner.java:624)
	at org.testng.SuiteRunner.runTest(SuiteRunner.java:366)
	at org.testng.SuiteRunner.access$000(SuiteRunner.java:39)
	at org.testng.SuiteRunner$SuiteWorker.run(SuiteRunner.java:400)
	at org.testng.internal.thread.ThreadUtil$2.call(ThreadUtil.java:64)
	at java.base/java.util.concurrent.FutureTask.run(FutureTask.java:264)
	at java.base/java.util.concurrent.ThreadPoolExecutor.runWorker(ThreadPoolExecutor.java:1130)
	at java.base/java.util.concurrent.ThreadPoolExecutor$Worker.run(ThreadPoolExecutor.java:630)
	at java.base/java.lang.Thread.run(Thread.java:831)
Caused by: org.apache.poi.openxml4j.exceptions.InvalidOperationException: You can't add a part with a part name derived from another part ! [M1.11]
	at org.apache.poi.openxml4j.opc.PackagePartCollection.put(PackagePartCollection.java:63)
	at org.apache.poi.openxml4j.opc.OPCPackage.createPart(OPCPackage.java:896)
	at org.apache.poi.openxml4j.opc.OPCPackage.createPart(OPCPackage.java:833)
	at org.apache.poi.POIXMLDocumentPart.createRelationship(POIXMLDocumentPart.java:513)
	... 21 more
]]>
    </error>
  </testcase> <!-- createCompnay -->
</testsuite> <!-- Heirachy.HC_Company_Creation_01 -->
