<?xml version="1.0" encoding="UTF-8"?>
<!-- Generated by org.testng.reporters.JUnitReportReporter -->
<testsuite hostname="Avirajs-MacBook-Air.local" failures="0" tests="1" name="apiModules.UploadAPI" time="8.142" errors="0" timestamp="17 Dec 2021 09:05:31 GMT">
  <testcase classname="apiModules.UploadAPI" name="getData" time="8.142"/>
</testsuite> <!-- apiModules.UploadAPI -->
