<?xml version="1.0" encoding="UTF-8"?>
<!-- Generated by org.testng.reporters.JUnitReportReporter -->
<testsuite hostname="Avirajs-MacBook-Air.local" failures="0" tests="1" name="utils.CSVLibrary" time="0.032" errors="0" timestamp="21 Jul 2022 09:15:01 GMT">
  <testcase classname="utils.CSVLibrary" name="readColValue" time="0.032"/>
</testsuite> <!-- utils.CSVLibrary -->
